2022-08-14 10:05:12,421 INFO  [Log] Application opened 
2022-08-14 10:05:12,771 INFO  [Log] Application closed 
2022-08-14 10:05:19,060 INFO  [Log] Application opened 
2022-08-14 10:05:21,539 INFO  [Log] Login completed 
2022-08-14 10:05:24,620 INFO  [Log] Logout Completed 
2022-08-14 10:05:24,766 INFO  [Log] Application closed 
2022-08-14 10:05:36,042 INFO  [Log] Application opened 
2022-08-14 10:05:42,382 INFO  [Log] Login completed 
2022-08-14 10:05:52,931 INFO  [Log] Add emp successfully 
2022-08-14 10:05:56,010 INFO  [Log] Logout Completed 
2022-08-14 10:05:56,144 INFO  [Log] Application closed 
2022-08-14 10:06:06,677 INFO  [Log] Application opened 
2022-08-14 10:06:28,629 INFO  [Log] Login completed 
2022-08-14 10:06:49,438 INFO  [Log] Delete emp successfully 
2022-08-14 10:06:49,522 INFO  [Log] Logout Completed 
2022-08-14 10:06:49,663 INFO  [Log] Application closed 
2022-08-14 12:55:05,517 INFO  [Log] Application opened 
2022-08-14 12:55:05,835 INFO  [Log] Application closed 
2022-08-14 12:55:10,470 INFO  [Log] Application opened 
2022-08-14 12:55:13,302 INFO  [Log] Login completed 
2022-08-14 12:55:16,393 INFO  [Log] Logout Completed 
2022-08-14 12:55:16,631 INFO  [Log] Application closed 
2022-08-14 12:55:21,301 INFO  [Log] Application opened 
2022-08-14 12:55:23,319 INFO  [Log] Login completed 
2022-08-14 12:55:30,117 INFO  [Log] Add emp successfully 
2022-08-14 12:55:33,199 INFO  [Log] Logout Completed 
2022-08-14 12:55:33,329 INFO  [Log] Application closed 
2022-08-14 12:55:38,359 INFO  [Log] Application opened 
2022-08-14 12:55:40,393 INFO  [Log] Login completed 
2022-08-14 12:56:00,238 INFO  [Log] Delete emp successfully 
2022-08-14 12:56:00,297 INFO  [Log] Logout Completed 
2022-08-14 12:56:00,457 INFO  [Log] Application closed 
2022-08-14 13:35:06,256 INFO  [Log] Application opened 
2022-08-14 13:35:06,596 INFO  [Log] Application closed 
2022-08-14 13:35:12,437 INFO  [Log] Application opened 
2022-08-14 13:35:15,938 INFO  [Log] Login completed 
2022-08-14 13:35:19,013 INFO  [Log] Logout Completed 
2022-08-14 13:35:19,265 INFO  [Log] Application closed 
2022-08-14 13:35:26,676 INFO  [Log] Application opened 
2022-08-14 13:35:37,612 INFO  [Log] Login completed 
2022-08-14 13:36:00,659 INFO  [Log] Add emp successfully 
2022-08-14 13:36:03,724 INFO  [Log] Logout Completed 
2022-08-14 13:36:03,908 INFO  [Log] Application closed 
2022-08-14 13:36:20,435 INFO  [Log] Application opened 
2022-08-14 13:36:33,675 INFO  [Log] Login completed 
2022-08-14 13:37:10,740 INFO  [Log] Delete emp successfully 
2022-08-14 13:37:10,823 INFO  [Log] Logout Completed 
2022-08-14 13:37:11,039 INFO  [Log] Application closed 
2022-08-14 13:39:41,322 INFO  [Log] Application opened 
2022-08-14 13:39:41,596 INFO  [Log] Application closed 
2022-08-14 13:39:47,296 INFO  [Log] Application opened 
2022-08-14 13:39:51,761 INFO  [Log] Login completed 
2022-08-14 13:39:54,856 INFO  [Log] Logout Completed 
2022-08-14 13:39:54,971 INFO  [Log] Application closed 
2022-08-14 13:40:01,182 INFO  [Log] Application opened 
2022-08-14 13:40:05,150 INFO  [Log] Login completed 
2022-08-14 13:40:13,552 INFO  [Log] Add emp successfully 
2022-08-14 13:40:16,618 INFO  [Log] Logout Completed 
2022-08-14 13:40:16,757 INFO  [Log] Application closed 
2022-08-14 13:40:22,582 INFO  [Log] Application opened 
2022-08-14 13:40:25,911 INFO  [Log] Login completed 
2022-08-14 13:40:45,855 INFO  [Log] Delete emp successfully 
2022-08-14 13:40:45,927 INFO  [Log] Logout Completed 
2022-08-14 13:40:46,079 INFO  [Log] Application closed 
2022-08-14 13:41:20,855 INFO  [Log] Application opened 
2022-08-14 13:42:25,314 INFO  [Log] Application opened 
2022-08-14 13:42:25,594 INFO  [Log] Application closed 
2022-08-14 13:42:32,636 INFO  [Log] Application opened 
2022-08-14 13:42:35,104 INFO  [Log] Login completed 
2022-08-14 13:42:38,185 INFO  [Log] Logout Completed 
2022-08-14 13:42:38,317 INFO  [Log] Application closed 
2022-08-14 13:42:43,805 INFO  [Log] Application opened 
2022-08-14 13:42:47,012 INFO  [Log] Login completed 
2022-08-14 13:42:54,971 INFO  [Log] Add emp successfully 
2022-08-14 13:52:51,459 INFO  [Log] Application opened 
2022-08-14 13:52:51,745 INFO  [Log] Application closed 
2022-08-14 13:53:02,794 INFO  [Log] Application opened 
2022-08-14 13:53:15,887 INFO  [Log] Login completed 
2022-08-14 13:53:19,002 INFO  [Log] Logout Completed 
2022-08-14 13:53:19,108 INFO  [Log] Application closed 
2022-08-14 13:53:36,470 INFO  [Log] Application opened 
2022-08-14 13:53:44,819 INFO  [Log] Login completed 
2022-08-14 13:53:55,372 INFO  [Log] Add emp successfully 
2022-08-14 13:53:58,463 INFO  [Log] Logout Completed 
2022-08-14 13:53:58,567 INFO  [Log] Application closed 
2022-08-14 13:54:07,807 INFO  [Log] Application opened 
2022-08-14 13:54:13,033 INFO  [Log] Login completed 
2022-08-14 13:54:34,680 INFO  [Log] Delete emp successfully 
2022-08-14 13:54:34,743 INFO  [Log] Logout Completed 
2022-08-14 13:54:34,852 INFO  [Log] Application closed 
2022-08-14 13:57:10,526 INFO  [Log] Application opened 
2022-08-14 13:57:10,805 INFO  [Log] Application closed 
2022-08-14 13:57:17,815 INFO  [Log] Application opened 
2022-08-14 13:57:20,388 INFO  [Log] Login completed 
2022-08-14 13:57:23,483 INFO  [Log] Logout Completed 
2022-08-14 13:57:23,637 INFO  [Log] Application closed 
2022-08-14 13:57:29,237 INFO  [Log] Application opened 
2022-08-14 13:57:32,017 INFO  [Log] Login completed 
2022-08-14 13:57:40,229 INFO  [Log] Add emp successfully 
2022-08-14 13:57:43,312 INFO  [Log] Logout Completed 
2022-08-14 13:57:43,456 INFO  [Log] Application closed 
2022-08-14 13:57:50,007 INFO  [Log] Application opened 
2022-08-14 13:57:52,813 INFO  [Log] Login completed 
2022-08-14 13:58:12,676 INFO  [Log] Delete emp successfully 
2022-08-14 13:58:12,741 INFO  [Log] Logout Completed 
2022-08-14 13:58:12,844 INFO  [Log] Application closed 
